<?xml version="1.0" encoding="UTF-8"?>
<!-- Generated by org.testng.reporters.JUnitReportReporter -->
<testsuite hostname="DESKTOP-K8ON8LO" failures="0" tests="1" name="com.inetbankingv3.TestCases.Tc_CustamaizedStatement_007" time="4.423" errors="0" timestamp="2021-07-29T16:42:33 IST" skipped="0">
  <testcase classname="com.inetbankingv3.TestCases.Tc_CustamaizedStatement_007" name="statement" time="4.423"/>
  <system-out/>
</testsuite> <!-- com.inetbankingv3.TestCases.Tc_CustamaizedStatement_007 -->
