<?xml version="1.0" encoding="UTF-8"?>
<!-- Generated by org.testng.reporters.JUnitReportReporter -->
<testsuite hostname="DESKTOP-K8ON8LO" failures="0" tests="1" name="com.inetbankingv3.TestCases.Tc_AddcCustomer_003" time="16.321" errors="0" timestamp="2021-07-29T11:58:24 IST" skipped="0">
  <testcase classname="com.inetbankingv3.TestCases.Tc_AddcCustomer_003" name="addcustomer" time="16.321"/>
  <system-out/>
</testsuite> <!-- com.inetbankingv3.TestCases.Tc_AddcCustomer_003 -->
