<?xml version="1.0" encoding="UTF-8"?>
<!-- Generated by org.testng.reporters.JUnitReportReporter -->
<testsuite hostname="DESKTOP-K8ON8LO" failures="0" tests="1" name="com.inetbankingv3.TestCases.Tc_CustamaizedStatementFeeldbox_008" time="5.177" errors="0" timestamp="2021-08-04T10:43:58 IST" skipped="0">
  <testcase classname="com.inetbankingv3.TestCases.Tc_CustamaizedStatementFeeldbox_008" name="fealdbox" time="5.177"/>
  <system-out/>
</testsuite> <!-- com.inetbankingv3.TestCases.Tc_CustamaizedStatementFeeldbox_008 -->
