<?xml version="1.0" encoding="UTF-8"?>
<!-- Generated by org.testng.reporters.JUnitReportReporter -->
<testsuite skipped="0" hostname="DESKTOP-K8ON8LO" name="com.inetbankingv3.TestCases.Tc_LoginTest_001" tests="1" failures="0" timestamp="2021-07-14T15:24:27 IST" time="5.880" errors="0">
  <testcase name="logintest" time="5.880" classname="com.inetbankingv3.TestCases.Tc_LoginTest_001"/>
  <system-out/>
</testsuite> <!-- com.inetbankingv3.TestCases.Tc_LoginTest_001 -->
